[2018-03-12 21:30:08] __rvm_make
__rvm_make () 
{ 
    \make "$@" || return $?
}
current path: /home/olya/.rvm/src/ruby-2.5.0
PATH=/home/olya/bin:/home/olya/.local/bin:/usr/local/sbin:/usr/local/bin:/usr/sbin:/usr/bin:/sbin:/bin:/usr/games:/usr/local/games:/snap/bin:/home/olya/SYMICA/bin:/home/olya/.rvm/bin
command(2): __rvm_make install
++ make install
generating i686-linux-fake.rb
i686-linux-fake.rb updated
	CC = gcc
	LD = ld
	LDSHARED = gcc -shared
	CFLAGS = -O3 -ggdb3 -Wall -Wextra -Wno-unused-parameter -Wno-parentheses -Wno-long-long -Wno-missing-field-initializers -Wno-tautological-compare -Wno-parentheses-equality -Wno-constant-logical-operand -Wno-self-assign -Wunused-variable -Wimplicit-int -Wpointer-arith -Wwrite-strings -Wdeclaration-after-statement -Wimplicit-function-declaration -Wdeprecated-declarations -Wno-packed-bitfield-compat -Wsuggest-attribute=noreturn -Wsuggest-attribute=format -Wno-maybe-uninitialized -std=gnu99  -fPIC 
	XCFLAGS = -D_FORTIFY_SOURCE=2 -fstack-protector -fno-strict-overflow -fvisibility=hidden -fexcess-precision=standard -DRUBY_EXPORT
	CPPFLAGS =   -I. -I.ext/include/i686-linux -I./include -I. -I./enc/unicode/10.0.0
	DLDFLAGS = -Wl,--compress-debug-sections=zlib -Wl,-soname,libruby.so.2.5  -fstack-protector  
	SOLIBS = -lpthread -lgmp -ldl -lcrypt -lm  
	LANG = en_US.UTF-8
	LC_ALL = 
	LC_CTYPE = 
gcc (Ubuntu 5.4.0-6ubuntu1~16.04.4) 5.4.0 20160609
Copyright (C) 2015 Free Software Foundation, Inc.
This is free software; see the source for copying conditions.  There is NO
warranty; not even for MERCHANTABILITY or FITNESS FOR A PARTICULAR PURPOSE.

generating enc.mk
making srcs under enc
make[1]: Entering directory '/home/olya/.rvm/src/ruby-2.5.0'
make[1]: Nothing to be done for 'srcs'.
make[1]: Leaving directory '/home/olya/.rvm/src/ruby-2.5.0'
generating transdb.h
transdb.h unchanged
generating makefiles ext/configure-ext.mk
ext/configure-ext.mk unchanged
make[1]: Entering directory '/home/olya/.rvm/src/ruby-2.5.0'
make[2]: Entering directory '/home/olya/.rvm/src/ruby-2.5.0/ext/syslog'
make[2]: Leaving directory '/home/olya/.rvm/src/ruby-2.5.0/ext/syslog'
make[2]: Entering directory '/home/olya/.rvm/src/ruby-2.5.0/ext/psych'
make[2]: Leaving directory '/home/olya/.rvm/src/ruby-2.5.0/ext/psych'
make[2]: Entering directory '/home/olya/.rvm/src/ruby-2.5.0/ext/io/console'
make[2]: Leaving directory '/home/olya/.rvm/src/ruby-2.5.0/ext/io/console'
make[2]: Entering directory '/home/olya/.rvm/src/ruby-2.5.0/ext/socket'
make[2]: Leaving directory '/home/olya/.rvm/src/ruby-2.5.0/ext/socket'
make[2]: Entering directory '/home/olya/.rvm/src/ruby-2.5.0/ext/pathname'
make[2]: Leaving directory '/home/olya/.rvm/src/ruby-2.5.0/ext/pathname'
make[2]: Entering directory '/home/olya/.rvm/src/ruby-2.5.0/ext/openssl'
make[2]: Leaving directory '/home/olya/.rvm/src/ruby-2.5.0/ext/openssl'
make[2]: Entering directory '/home/olya/.rvm/src/ruby-2.5.0/ext/nkf'
make[2]: Leaving directory '/home/olya/.rvm/src/ruby-2.5.0/ext/nkf'
make[2]: Entering directory '/home/olya/.rvm/src/ruby-2.5.0/ext/pty'
make[2]: Leaving directory '/home/olya/.rvm/src/ruby-2.5.0/ext/pty'
make[2]: Entering directory '/home/olya/.rvm/src/ruby-2.5.0/ext/rubyvm'
make[2]: Leaving directory '/home/olya/.rvm/src/ruby-2.5.0/ext/rubyvm'
make[2]: Entering directory '/home/olya/.rvm/src/ruby-2.5.0/ext/bigdecimal'
make[2]: Leaving directory '/home/olya/.rvm/src/ruby-2.5.0/ext/bigdecimal'
make[2]: Entering directory '/home/olya/.rvm/src/ruby-2.5.0/ext/date'
make[2]: Leaving directory '/home/olya/.rvm/src/ruby-2.5.0/ext/date'
make[2]: Entering directory '/home/olya/.rvm/src/ruby-2.5.0/ext/fiddle'
make[2]: Leaving directory '/home/olya/.rvm/src/ruby-2.5.0/ext/fiddle'
make[2]: Entering directory '/home/olya/.rvm/src/ruby-2.5.0/ext/digest'
make[2]: Leaving directory '/home/olya/.rvm/src/ruby-2.5.0/ext/digest'
make[2]: Entering directory '/home/olya/.rvm/src/ruby-2.5.0/ext/digest/sha2'
make[2]: Leaving directory '/home/olya/.rvm/src/ruby-2.5.0/ext/digest/sha2'
make[2]: Entering directory '/home/olya/.rvm/src/ruby-2.5.0/ext/ripper'
make[2]: Leaving directory '/home/olya/.rvm/src/ruby-2.5.0/ext/ripper'
make[2]: Entering directory '/home/olya/.rvm/src/ruby-2.5.0/ext/json'
make[2]: Leaving directory '/home/olya/.rvm/src/ruby-2.5.0/ext/json'
make[2]: Entering directory '/home/olya/.rvm/src/ruby-2.5.0'
make[2]: 'ruby' is up to date.
make[2]: Leaving directory '/home/olya/.rvm/src/ruby-2.5.0'
make[1]: Leaving directory '/home/olya/.rvm/src/ruby-2.5.0'
make[1]: Entering directory '/home/olya/.rvm/src/ruby-2.5.0'
make[1]: Nothing to be done for 'note'.
make[1]: Leaving directory '/home/olya/.rvm/src/ruby-2.5.0'
making enc
make[1]: Entering directory '/home/olya/.rvm/src/ruby-2.5.0'
make[1]: Nothing to be done for 'enc'.
make[1]: Leaving directory '/home/olya/.rvm/src/ruby-2.5.0'
making trans
make[1]: Entering directory '/home/olya/.rvm/src/ruby-2.5.0'
make[1]: Nothing to be done for './enc/trans'.
make[1]: Leaving directory '/home/olya/.rvm/src/ruby-2.5.0'
making encs
make[1]: Entering directory '/home/olya/.rvm/src/ruby-2.5.0'
make[1]: Nothing to be done for 'encs'.
make[1]: Leaving directory '/home/olya/.rvm/src/ruby-2.5.0'
./miniruby -I./lib -I. -I.ext/common  ./tool/runruby.rb --extout=.ext  -- --disable-gems -r./i686-linux-fake ./tool/rbinstall.rb --make="make" --dest-dir="" --extout=".ext" --mflags="" --make-flags="" --data-mode=0644 --prog-mode=0755 --installed-list .installed.list --mantype="doc"
installing binary commands:         /home/olya/.rvm/rubies/ruby-2.5.0/bin
installing base libraries:          /home/olya/.rvm/rubies/ruby-2.5.0/lib
installing arch files:              /home/olya/.rvm/rubies/ruby-2.5.0/lib/ruby/2.5.0/i686-linux
installing pkgconfig data:          /home/olya/.rvm/rubies/ruby-2.5.0/lib/pkgconfig
installing command scripts:         /home/olya/.rvm/rubies/ruby-2.5.0/bin
installing library scripts:         /home/olya/.rvm/rubies/ruby-2.5.0/lib/ruby/2.5.0
installing common headers:          /home/olya/.rvm/rubies/ruby-2.5.0/include/ruby-2.5.0
installing manpages:                /home/olya/.rvm/rubies/ruby-2.5.0/share/man/man1
installing extension objects:       /home/olya/.rvm/rubies/ruby-2.5.0/lib/ruby/2.5.0/i686-linux
installing extension objects:       /home/olya/.rvm/rubies/ruby-2.5.0/lib/ruby/site_ruby/2.5.0/i686-linux
installing extension objects:       /home/olya/.rvm/rubies/ruby-2.5.0/lib/ruby/vendor_ruby/2.5.0/i686-linux
installing extension headers:       /home/olya/.rvm/rubies/ruby-2.5.0/include/ruby-2.5.0/i686-linux
installing extension scripts:       /home/olya/.rvm/rubies/ruby-2.5.0/lib/ruby/2.5.0
installing extension scripts:       /home/olya/.rvm/rubies/ruby-2.5.0/lib/ruby/site_ruby/2.5.0
installing extension scripts:       /home/olya/.rvm/rubies/ruby-2.5.0/lib/ruby/vendor_ruby/2.5.0
installing extension headers:       /home/olya/.rvm/rubies/ruby-2.5.0/include/ruby-2.5.0/ruby
installing default gems from lib:   /home/olya/.rvm/rubies/ruby-2.5.0/lib/ruby/gems/2.5.0 (build_info, cache, doc, extensions, gems, specifications)
                                    cmath 1.0.0
                                    csv 1.0.0
                                    fileutils 1.0.2
                                    ipaddr 1.2.0
                                    rdoc 6.0.1
                                    scanf 1.0.0
                                    webrick 1.4.2
installing default gems from ext:   /home/olya/.rvm/rubies/ruby-2.5.0/lib/ruby/gems/2.5.0 (build_info, cache, doc, extensions, gems, specifications)
                                    bigdecimal 1.3.4
                                    date 1.0.0
                                    dbm 1.0.0
                                    etc 1.0.0
                                    fcntl 1.0.0
                                    fiddle 1.0.0
                                    gdbm 2.0.0
                                    io-console 0.4.6
                                    json 2.1.0
                                    openssl 2.1.0
                                    psych 3.0.2
                                    sdbm 1.0.0
                                    stringio 0.0.1
                                    strscan 1.0.0
                                    zlib 1.0.0
installing bundled gems:            /home/olya/.rvm/rubies/ruby-2.5.0/lib/ruby/gems/2.5.0 (build_info, cache, doc, extensions, gems, specifications)
                                    did_you_mean 1.2.0
                                    xmlrpc 0.3.0
                                    test-unit 3.2.7
                                    power_assert 1.1.1
                                    net-telnet 0.1.1
                                    minitest 5.10.3
                                    rake 12.3.0
