
***** SymSpice --- v3.1.0.0209 *****

Job started at	19.38.16   17/10/2017.

Loading file: '/home/olya/SYMICA/share/symica/spice.ini'. Please wait...                                                                             (19:38:16)
Loading file: '/home/olya/u120105/spice/1/sp1.cir'. Please wait...   (19:38:16)

Netlist summary (root)                                              (19:38:16)

  Nodes   	3
  Elements	3

Multithreading
	Number of used threads		: 1
	Maximum number of threads	: 1

Start creating models...


Circuit summary
	Equations : 3
	Elements  : 3

	Type info
	   Vpulse : 1    
	 Resistor : 1     (part types : 1)
	Capacitor : 1     (part types : 1)

Total time of model creation: 0s  (CPU time 0.000s).

----------------------------------------------

Simulation started:	19.38.16   17/10/2017.

Parameter values:
	start = 0 s
	outputstart = 0 s
	stop = 1e-07 s
	step = 1e-09 s
	maxstep = 2e-09 s
	skipdc = no
	reltol = 0.001
	abstol(I) = 1e-12
	abstol(V) = 1e-06
	temp = 25 C
	tnom = 25 C
	method = traponly
	lteratio = 3.5
	gmin = 1e-12
	fast_spice = 0

Operating point calculation started...
Total time required for op. point calculation 0s  (CPU time 0.000s).

Transient analysis started...

tran: time = 0s.                                                     (19:38:16)
tran: time = 1e-08s.                                                 (19:38:16)
tran: time = 2e-08s.                                                 (19:38:16)
tran: time = 3e-08s.                                                 (19:38:16)
tran: time = 4e-08s.                                                 (19:38:16)
tran: time = 5e-08s.                                                 (19:38:16)
tran: time = 6e-08s.                                                 (19:38:16)
tran: time = 7e-08s.                                                 (19:38:16)
tran: time = 8e-08s.                                                 (19:38:16)
tran: time = 9e-08s.                                                 (19:38:16)
tran: time = 1e-07s.                                                 (19:38:16)
Number of tran steps = 125

Simulation finished:	19.38.16   17/10/2017.

Simulation time summary:
Operating point = 0s  (CPU time 0.000s)
Transient analysis = 0s  (CPU time 0.003s)


Job ended at	19.38.16   17/10/2017.

Job time summary:
Total time used = 0s  (CPU time 0.211s)
